Qua Dez 18 21:00:01 BRT 2019
Array
(
    [0] => 3923378
    [1] => 3914338
    [2] => 9911943
    [3] => 7978774
    [4] => 728319
    [5] => 915292
    [6] => 589444
    [7] => 152762
    [8] => 5166751
    [9] => 557533
    [10] => 762251
)
Script Executado!
Qua Dez 18 21:00:01 BRT 2019
Qui Dez 19 21:00:01 BRT 2019
Array
(
    [0] => 734795
    [1] => 6712319
    [2] => 4623329
    [3] => 2355616
    [4] => 856376
    [5] => 924187
    [6] => 178274
)
Script Executado!
Qui Dez 19 21:00:02 BRT 2019
Sex Dez 20 21:00:01 BRT 2019
Array
(
    [0] => 3294552
    [1] => 7912426
    [2] => 529829
    [3] => 2531982
    [4] => 244186
    [5] => 267869
    [6] => 382889
    [7] => 389642
    [8] => 998334
    [9] => 971849
    [10] => 766716
    [11] => 766811
)
Script Executado!
Sex Dez 20 21:00:01 BRT 2019
Seg Dez 23 21:00:01 BRT 2019
Array
(
    [0] => 6328989
    [1] => 6658688
    [2] => 7465515
    [3] => 5292146
    [4] => 579787
    [5] => 2353443
    [6] => 8743863
)
Script Executado!
Seg Dez 23 21:00:01 BRT 2019
Ter Dez 24 21:00:01 BRT 2019
Array
(
    [0] => 6294444
    [1] => 2564482
    [2] => 656122
    [3] => 7956513
    [4] => 523314
    [5] => 5741441
)
Script Executado!
Ter Dez 24 21:00:02 BRT 2019
Qua Dez 25 21:00:01 BRT 2019
Array
(
)
Script Executado!
Qua Dez 25 21:00:01 BRT 2019
Qui Dez 26 21:00:01 BRT 2019
Array
(
)
Script Executado!
Qui Dez 26 21:00:01 BRT 2019
Sex Dez 27 21:00:01 BRT 2019
Array
(
    [0] => 654571
    [1] => 4749777
    [2] => 6361513
    [3] => 2816866
    [4] => 9255911
    [5] => 1921489
    [6] => 433953
)
Script Executado!
Sex Dez 27 21:00:01 BRT 2019
Seg Dez 30 21:00:01 BRT 2019
Array
(
    [0] => 148684
    [1] => 6858892
    [2] => 928233
    [3] => 855613
)
Script Executado!
Seg Dez 30 21:00:01 BRT 2019
Ter Dez 31 21:00:01 BRT 2019
Array
(
    [0] => 7262488
    [1] => 1955753
    [2] => 122329
    [3] => 915351
    [4] => 965247
    [5] => 797788
)
Script Executado!
Ter Dez 31 21:00:01 BRT 2019
Qua Jan  1 21:00:01 BRT 2020
Array
(
    [0] => 743851
    [1] => 414197
    [2] => 283124
    [3] => 729832
    [4] => 775482
)
Script Executado!
Qua Jan  1 21:00:01 BRT 2020
Qui Jan  2 21:00:01 BRT 2020
Array
(
    [0] => 533742
    [1] => 496478
)
Script Executado!
Qui Jan  2 21:00:01 BRT 2020
Sex Jan  3 21:00:01 BRT 2020
Array
(
    [0] => 1178738
    [1] => 3717619
    [2] => 443162
    [3] => 777778
    [4] => 641517
    [5] => 318879
    [6] => 366297
    [7] => 752678
)
Script Executado!
Sex Jan  3 21:00:01 BRT 2020
Seg Jan  6 21:00:01 BRT 2020
Array
(
    [0] => 519462
    [1] => 242532
    [2] => 937945
    [3] => 527984
    [4] => 561987
    [5] => 115881
    [6] => 413549
)
Script Executado!
Seg Jan  6 21:00:01 BRT 2020
Ter Jan  7 21:00:01 BRT 2020
Array
(
    [0] => 4153279
    [1] => 594349
    [2] => 368118
    [3] => 227947
    [4] => 157474
    [5] => 924611
)
Script Executado!
Ter Jan  7 21:00:01 BRT 2020
Qua Jan  8 21:00:01 BRT 2020
Array
(
    [0] => 591732
    [1] => 743964
    [2] => 6838774
    [3] => 269164
    [4] => 5861467
    [5] => 494723
    [6] => 492626
    [7] => 8994546
    [8] => 495422
    [9] => 922878
)
Script Executado!
Qua Jan  8 21:00:02 BRT 2020
Qui Jan  9 21:00:01 BRT 2020
Array
(
    [0] => 1531622
    [1] => 753419
    [2] => 552312
    [3] => 365832
    [4] => 8719519
    [5] => 429723
    [6] => 189182
    [7] => 4372223
    [8] => 338558
)
Script Executado!
Qui Jan  9 21:00:01 BRT 2020
Sex Jan 10 21:00:01 BRT 2020
Array
(
    [0] => 9799553
    [1] => 983248
    [2] => 8266561
)
Script Executado!
Sex Jan 10 21:00:01 BRT 2020
Seg Jan 13 21:00:01 BRT 2020
Array
(
    [0] => 551218
    [1] => 779142
    [2] => 9634739
    [3] => 3818858
    [4] => 1765314
    [5] => 821245
    [6] => 4341871
    [7] => 8131234
    [8] => 716218
    [9] => 759178
    [10] => 8924951
    [11] => 721775
    [12] => 148911
    [13] => 4692755
)
Script Executado!
Seg Jan 13 21:00:02 BRT 2020
Qua Jan 15 21:00:01 BRT 2020
Array
(
    [0] => 444839
    [1] => 311934
    [2] => 232825
    [3] => 9282347
    [4] => 9279267
    [5] => 752575
    [6] => 2748164
    [7] => 1383343
    [8] => 895213
    [9] => 775783
    [10] => 497236
    [11] => 158531
    [12] => 995676
    [13] => 387534
    [14] => 793257
    [15] => 979746
    [16] => 577158
    [17] => 736548
)
Script Executado!
Qua Jan 15 21:00:02 BRT 2020
Qui Jan 16 21:00:01 BRT 2020
Array
(
    [0] => 6675152
    [1] => 826519
    [2] => 4896228
    [3] => 149969
    [4] => 2458415
    [5] => 1683532
)
Script Executado!
Qui Jan 16 21:00:01 BRT 2020
Ter Jan 21 21:00:01 BRT 2020
Array
(
    [0] => 9618486
    [1] => 9935192
    [2] => 343452
    [3] => 482685
    [4] => 1919897
    [5] => 658267
    [6] => 816369
    [7] => 556562
    [8] => 512295
    [9] => 6869828
    [10] => 387797
    [11] => 641189
    [12] => 5577377
    [13] => 4873719
    [14] => 2225822
    [15] => 343118
    [16] => 5546769
    [17] => 2571816
    [18] => 858393
    [19] => 425854
    [20] => 189324
    [21] => 6612188
    [22] => 981353
    [23] => 3977464
    [24] => 455322
    [25] => 773677
)
Script Executado!
Ter Jan 21 21:00:01 BRT 2020
Qua Jan 22 21:00:01 BRT 2020
Array
(
    [0] => 6712922
    [1] => 517659
    [2] => 264867
    [3] => 152957
    [4] => 749245
    [5] => 623392
    [6] => 964931
)
Script Executado!
Qua Jan 22 21:00:01 BRT 2020
Qui Jan 23 21:00:01 BRT 2020
Array
(
    [0] => 676828
    [1] => 1416753
    [2] => 5581851
    [3] => 3247954
    [4] => 432299
    [5] => 728378
    [6] => 222873
)
Script Executado!
Qui Jan 23 21:00:01 BRT 2020
Sex Jan 24 21:00:01 BRT 2020
Array
(
    [0] => 8466166
    [1] => 8951532
    [2] => 242146
    [3] => 432821
    [4] => 7982893
    [5] => 659498
    [6] => 761717
    [7] => 214859
    [8] => 314257
)
Script Executado!
Sex Jan 24 21:00:01 BRT 2020
Seg Jan 27 21:00:01 BRT 2020
Array
(
    [0] => 3581192
    [1] => 7469327
    [2] => 8852424
    [3] => 242311
    [4] => 921112
)
Script Executado!
Seg Jan 27 21:00:01 BRT 2020
Ter Jan 28 21:00:01 BRT 2020
Array
(
    [0] => 758627
    [1] => 684193
)
Script Executado!
Ter Jan 28 21:00:01 BRT 2020
Qua Jan 29 21:00:01 BRT 2020
Array
(
    [0] => 8632885
    [1] => 5424941
    [2] => 987277
    [3] => 924661
    [4] => 287784
    [5] => 2138555
    [6] => 5325853
    [7] => 797241
    [8] => 345922
    [9] => 7674897
)
Script Executado!
Qua Jan 29 21:00:02 BRT 2020
Qui Jan 30 21:00:01 BRT 2020
Array
(
    [0] => 3616863
    [1] => 4273699
    [2] => 4698135
    [3] => 6629959
    [4] => 153115
    [5] => 5759742
    [6] => 536245
    [7] => 3438971
)
Script Executado!
Qui Jan 30 21:00:01 BRT 2020
Sex Jan 31 21:00:01 BRT 2020
Array
(
    [0] => 3698739
    [1] => 6493495
    [2] => 981674
)
Script Executado!
Sex Jan 31 21:00:01 BRT 2020
Seg Fev  3 21:00:01 BRT 2020
Array
(
    [0] => 9624256
    [1] => 265654
    [2] => 716894
)
Script Executado!
Seg Fev  3 21:00:01 BRT 2020
Ter Fev  4 21:00:01 BRT 2020
Array
(
    [0] => 8834477
    [1] => 1784218
    [2] => 4211325
    [3] => 7726117
    [4] => 7538545
    [5] => 472698
    [6] => 184153
    [7] => 843426
)
Script Executado!
Ter Fev  4 21:00:01 BRT 2020
Qua Fev  5 21:00:01 BRT 2020
Array
(
    [0] => 495988
    [1] => 119761
    [2] => 2874296
    [3] => 956164
    [4] => 677842
    [5] => 2274341
    [6] => 798945
    [7] => 283439
)
Script Executado!
Qua Fev  5 21:00:01 BRT 2020
Qui Fev  6 21:00:01 BRT 2020
Array
(
    [0] => 9219448
    [1] => 877789
    [2] => 686641
    [3] => 769794
    [4] => 4144134
    [5] => 433813
    [6] => 1818942
    [7] => 233891
    [8] => 446774
    [9] => 725736
)
Script Executado!
Qui Fev  6 21:00:01 BRT 2020
Sex Fev  7 21:00:01 BRT 2020
Array
(
    [0] => 7455946
    [1] => 4783899
    [2] => 782642
    [3] => 5787613
    [4] => 4749315
    [5] => 211616
    [6] => 4654464
    [7] => 293496
    [8] => 8698955
)
Script Executado!
Sex Fev  7 21:00:01 BRT 2020
Seg Fev 10 21:00:01 BRT 2020
Array
(
    [0] => 688321
    [1] => 544796
    [2] => 254816
)
Script Executado!
Seg Fev 10 21:00:02 BRT 2020
Ter Fev 11 21:00:01 BRT 2020
Array
(
    [0] => 3191454
    [1] => 6457175
    [2] => 862321
    [3] => 787423
    [4] => 226563
    [5] => 156614
    [6] => 581881
    [7] => 986755
)
Script Executado!
Ter Fev 11 21:00:01 BRT 2020
Qua Fev 12 21:00:01 BRT 2020
Array
(
    [0] => 5645327
    [1] => 321273
    [2] => 1137936
    [3] => 372717
    [4] => 5589847
    [5] => 9758813
    [6] => 978412
)
Script Executado!
Qua Fev 12 21:00:02 BRT 2020
Qui Fev 13 21:00:01 BRT 2020
Array
(
    [0] => 4181389
    [1] => 522813
    [2] => 1457174
    [3] => 553735
    [4] => 734295
)
Script Executado!
Qui Fev 13 21:00:01 BRT 2020
Sex Fev 14 21:00:01 BRT 2020
Array
(
    [0] => 6833559
    [1] => 862913
    [2] => 261264
    [3] => 478736
)
Script Executado!
Sex Fev 14 21:00:01 BRT 2020
Seg Fev 17 21:00:01 BRT 2020
Array
(
    [0] => 2783762
    [1] => 157712
    [2] => 3476745
    [3] => 383348
    [4] => 1734974
    [5] => 812548
    [6] => 238977
)
Script Executado!
Seg Fev 17 21:00:02 BRT 2020
Ter Fev 18 21:00:01 BRT 2020
Array
(
    [0] => 395992
    [1] => 454569
    [2] => 6219867
    [3] => 9337635
    [4] => 244163
    [5] => 993757
    [6] => 829848
    [7] => 518775
)
Script Executado!
Ter Fev 18 21:00:01 BRT 2020
Qua Fev 19 21:00:01 BRT 2020
Array
(
    [0] => 1717489
    [1] => 167683
    [2] => 326544
    [3] => 325926
    [4] => 5488646
    [5] => 9167864
)
Script Executado!
Qua Fev 19 21:00:01 BRT 2020
Qui Fev 20 21:00:01 BRT 2020
Array
(
    [0] => 1395138
    [1] => 652322
    [2] => 7318491
    [3] => 716733
    [4] => 512311
)
Script Executado!
Qui Fev 20 21:00:01 BRT 2020
Sex Fev 21 21:00:01 BRT 2020
Array
(
    [0] => 323829
    [1] => 592193
    [2] => 332121
    [3] => 374876
    [4] => 134495
)
Script Executado!
Sex Fev 21 21:00:01 BRT 2020
Seg Fev 24 21:00:01 BRT 2020
Array
(
    [0] => 421414
    [1] => 1286347
    [2] => 735179
    [3] => 894146
    [4] => 449664
    [5] => 591943
    [6] => 749653
    [7] => 796245
    [8] => 455396
)
Script Executado!
Seg Fev 24 21:00:01 BRT 2020
Qua Fev 26 21:00:01 BRT 2020
Array
(
)
Script Executado!
Qua Fev 26 21:00:01 BRT 2020
Qui Fev 27 21:00:01 BRT 2020
Array
(
    [0] => 5936416
    [1] => 3269968
    [2] => 3495638
    [3] => 644988
    [4] => 9114335
)
Script Executado!
Qui Fev 27 21:00:01 BRT 2020
Sex Fev 28 21:00:01 BRT 2020
Array
(
    [0] => 8754731
    [1] => 8725586
    [2] => 2276122
    [3] => 4494799
    [4] => 994361
    [5] => 939374
    [6] => 289328
    [7] => 371823
    [8] => 911712
    [9] => 8489241
    [10] => 6483561
    [11] => 3687267
    [12] => 3471888
    [13] => 5369125
    [14] => 7443542
)
Script Executado!
Sex Fev 28 21:00:01 BRT 2020
Seg Mar  2 21:00:01 BRT 2020
Array
(
    [0] => 5661228
    [1] => 212683
    [2] => 522761
    [3] => 641845
)
Script Executado!
Seg Mar  2 21:00:01 BRT 2020
Ter Mar  3 21:00:02 BRT 2020
Array
(
    [0] => 1187443
    [1] => 9685727
    [2] => 8959848
    [3] => 9994834
    [4] => 644319
    [5] => 186369
)
Script Executado!
Ter Mar  3 21:00:02 BRT 2020
Qua Mar  4 21:00:01 BRT 2020
Array
(
    [0] => 491542
    [1] => 1688941
    [2] => 3127462
    [3] => 672972
    [4] => 691243
    [5] => 643869
    [6] => 1151942
    [7] => 124181
)
Script Executado!
Qua Mar  4 21:00:01 BRT 2020
Qui Mar  5 21:00:01 BRT 2020
Array
(
    [0] => 3679614
    [1] => 7243892
    [2] => 9321972
    [3] => 469325
    [4] => 292476
    [5] => 622972
    [6] => 962439
    [7] => 4526866
    [8] => 994824
    [9] => 738166
    [10] => 979715
    [11] => 213145
)
Script Executado!
Qui Mar  5 21:00:01 BRT 2020
Sex Mar  6 21:00:01 BRT 2020
Array
(
    [0] => 3485571
    [1] => 4296647
    [2] => 9483456
    [3] => 962641
    [4] => 694861
    [5] => 221235
    [6] => 626617
)
Script Executado!
Sex Mar  6 21:00:01 BRT 2020
Seg Mar  9 21:00:01 BRT 2020
Array
(
    [0] => 2862883
    [1] => 8383432
    [2] => 5788297
    [3] => 783464
    [4] => 266328
    [5] => 739746
    [6] => 822792
    [7] => 3169267
    [8] => 3643447
    [9] => 964911
    [10] => 636839
    [11] => 638587
    [12] => 549216
    [13] => 1824887
    [14] => 995712
    [15] => 161518
    [16] => 457926
    [17] => 922871
    [18] => 758342
)
Script Executado!
Seg Mar  9 21:00:01 BRT 2020
Ter Mar 10 21:00:01 BRT 2020
Array
(
    [0] => 6321584
    [1] => 418112
)
Script Executado!
Ter Mar 10 21:00:01 BRT 2020
Qua Mar 11 21:00:01 BRT 2020
Array
(
    [0] => 9158788
    [1] => 6791221
    [2] => 2266291
    [3] => 4274197
    [4] => 6896637
)
Script Executado!
Qua Mar 11 21:00:01 BRT 2020
Qui Mar 12 21:00:01 BRT 2020
Array
(
    [0] => 9321676
    [1] => 7112755
    [2] => 913963
    [3] => 9937495
    [4] => 347399
    [5] => 145951
    [6] => 474944
)
Script Executado!
Qui Mar 12 21:00:01 BRT 2020
Sex Mar 13 21:00:01 BRT 2020
Array
(
    [0] => 7341419
    [1] => 2581442
    [2] => 6174787
    [3] => 7941665
    [4] => 5896672
    [5] => 754448
    [6] => 863182
    [7] => 818544
    [8] => 571747
    [9] => 436384
    [10] => 566545
)
Script Executado!
Sex Mar 13 21:00:01 BRT 2020
Qua Mar 18 21:00:01 BRT 2020
Array
(
    [0] => 8278219
    [1] => 9554455
    [2] => 6391859
    [3] => 2164262
    [4] => 7121156
    [5] => 7211561
    [6] => 596658
    [7] => 4151195
    [8] => 347621
    [9] => 557331
    [10] => 467972
)
Script Executado!
Qua Mar 18 21:00:01 BRT 2020
Qui Mar 19 21:00:01 BRT 2020
Array
(
    [0] => 3455711
    [1] => 571154
    [2] => 4288958
    [3] => 653947
    [4] => 9349525
    [5] => 535812
)
Script Executado!
Qui Mar 19 21:00:02 BRT 2020
Sex Mar 20 21:00:01 BRT 2020
Array
(
    [0] => 1271145
    [1] => 2228726
    [2] => 7214651
    [3] => 553285
    [4] => 9745827
    [5] => 587194
    [6] => 8475375
    [7] => 816833
)
Script Executado!
Sex Mar 20 21:00:01 BRT 2020
Seg Mar 23 21:00:01 BRT 2020
Array
(
    [0] => 831523
    [1] => 9454669
    [2] => 9163385
    [3] => 782697
    [4] => 147618
    [5] => 972624
    [6] => 898244
    [7] => 881744
    [8] => 841927
    [9] => 819619
    [10] => 878331
    [11] => 748391
    [12] => 398748
    [13] => 878227
    [14] => 835973
    [15] => 572496
)
Script Executado!
Seg Mar 23 21:00:01 BRT 2020
Ter Mar 24 21:00:01 BRT 2020
Array
(
    [0] => 7943411
    [1] => 6747916
    [2] => 121714
    [3] => 442176
    [4] => 396316
    [5] => 551717
    [6] => 735721
)
Script Executado!
Ter Mar 24 21:00:02 BRT 2020
seg abr 13 21:00:02 -03 2020
Could not open input file: invalida_tickets.php
seg abr 13 21:00:02 -03 2020
ter abr 14 09:55:01 -03 2020

Warning: require(../init.php): failed to open stream: No such file or directory in /var/www/avanco/tickets/cron/invalida_tickets.php on line 3

Fatal error: require(): Failed opening required '../init.php' (include_path='.:/usr/share/php:/usr/share/pear') in /var/www/avanco/tickets/cron/invalida_tickets.php on line 3
ter abr 14 09:55:02 -03 2020
ter abr 14 10:00:01 -03 2020
Array
(
    [0] => 412144
    [1] => 9363395
    [2] => 193523
    [3] => 154881
    [4] => 8984992
    [5] => 4958227
    [6] => 786735
    [7] => 222967
    [8] => 8974626
    [9] => 177584
    [10] => 959933
    [11] => 616448
    [12] => 758838
    [13] => 8289223
    [14] => 4915757
    [15] => 951357
    [16] => 826871
    [17] => 733144
    [18] => 983862
    [19] => 166832
    [20] => 632286
    [21] => 265917
    [22] => 541279
    [23] => 621454
    [24] => 461414
    [25] => 971749
    [26] => 7348258
    [27] => 517584
    [28] => 575692
    [29] => 335761
    [30] => 6326753
    [31] => 991698
    [32] => 218664
    [33] => 529345
    [34] => 135316
    [35] => 829422
    [36] => 874914
    [37] => 981421
    [38] => 343749
    [39] => 3892196
    [40] => 424578
    [41] => 852621
    [42] => 565322
    [43] => 438282
    [44] => 386778
    [45] => 146137
    [46] => 6243975
    [47] => 242282
    [48] => 646227
    [49] => 671396
    [50] => 385316
    [51] => 667246
    [52] => 165248
    [53] => 3958898
    [54] => 7981866
    [55] => 6141531
    [56] => 8112447
    [57] => 4177395
    [58] => 1178823
    [59] => 147455
    [60] => 585125
    [61] => 657813
    [62] => 1115565
    [63] => 698956
    [64] => 276997
    [65] => 116457
    [66] => 214471
    [67] => 586275
    [68] => 1323872
    [69] => 485576
    [70] => 588947
    [71] => 593798
    [72] => 4921298
    [73] => 532711
    [74] => 588391
    [75] => 715582
    [76] => 276682
    [77] => 762448
    [78] => 912526
    [79] => 826886
    [80] => 9374373
    [81] => 999186
    [82] => 141998
    [83] => 918199
    [84] => 991753
    [85] => 233147
    [86] => 296814
    [87] => 485276
    [88] => 844282
    [89] => 4748287
    [90] => 962949
    [91] => 275787
    [92] => 929896
    [93] => 445865
    [94] => 1736117
    [95] => 327136
    [96] => 528593
    [97] => 856911
    [98] => 237593
    [99] => 5191119
    [100] => 243469
    [101] => 6174377
    [102] => 3244798
    [103] => 2481885
    [104] => 488391
    [105] => 237364
    [106] => 4358161
    [107] => 324618
    [108] => 1539367
    [109] => 549248
    [110] => 456864
    [111] => 686775
    [112] => 699323
    [113] => 365252
    [114] => 5333784
    [115] => 626199
    [116] => 665979
    [117] => 164524
    [118] => 376234
    [119] => 411818
)
Script Executado!
ter abr 14 10:00:05 -03 2020
ter abr 14 21:00:01 -03 2020
Array
(
)
Script Executado!
ter abr 14 21:00:01 -03 2020
qua abr 15 21:00:01 -03 2020
Array
(
    [0] => 7593448
    [1] => 377711
    [2] => 5657998
    [3] => 158682
    [4] => 699937
    [5] => 319812
    [6] => 113629
)
Script Executado!
qua abr 15 21:00:01 -03 2020
qui abr 16 21:00:01 -03 2020
Array
(
    [0] => 1174652
    [1] => 4117651
    [2] => 328216
    [3] => 317757
    [4] => 722316
    [5] => 878799
    [6] => 2155765
    [7] => 916567
    [8] => 387412
    [9] => 474924
    [10] => 322148
    [11] => 777253
    [12] => 214864
)
Script Executado!
qui abr 16 21:00:02 -03 2020
sex abr 17 21:00:01 -03 2020
Array
(
    [0] => 415938
    [1] => 8464272
    [2] => 2197895
    [3] => 9453475
    [4] => 4856512
    [5] => 1428141
    [6] => 969654
    [7] => 837965
    [8] => 126763
    [9] => 217571
    [10] => 2813691
    [11] => 399875
    [12] => 313462
    [13] => 624276
    [14] => 566932
    [15] => 851988
    [16] => 9161174
)
Script Executado!
sex abr 17 21:00:02 -03 2020
seg abr 20 21:00:01 -03 2020
Array
(
    [0] => 9138564
    [1] => 188832
    [2] => 424635
    [3] => 691712
    [4] => 398241
    [5] => 358366
    [6] => 346113
    [7] => 937852
    [8] => 162483
    [9] => 891147
    [10] => 277625
)
Script Executado!
seg abr 20 21:00:02 -03 2020
ter abr 21 21:00:01 -03 2020
Array
(
    [0] => 4165192
    [1] => 491622
    [2] => 5331925
    [3] => 266174
    [4] => 596858
    [5] => 794229
    [6] => 486912
    [7] => 775336
    [8] => 6525865
    [9] => 487762
    [10] => 2179726
)
Script Executado!
ter abr 21 21:00:02 -03 2020
qua abr 22 21:00:01 -03 2020
Array
(
    [0] => 333355
)
Script Executado!
qua abr 22 21:00:02 -03 2020
qui abr 23 21:00:01 -03 2020
Array
(
    [0] => 124644
    [1] => 417286
    [2] => 196517
    [3] => 5232428
    [4] => 895627
    [5] => 7655724
    [6] => 628153
    [7] => 217585
    [8] => 638234
    [9] => 668881
    [10] => 141189
)
Script Executado!
qui abr 23 21:00:02 -03 2020
sex abr 24 21:00:01 -03 2020
Array
(
    [0] => 8182337
    [1] => 268872
    [2] => 6741265
    [3] => 8334181
    [4] => 7171367
    [5] => 692433
    [6] => 684388
    [7] => 3835114
    [8] => 6657718
    [9] => 367152
    [10] => 936419
    [11] => 9268759
    [12] => 711234
    [13] => 942315
    [14] => 893335
    [15] => 646852
    [16] => 289926
    [17] => 753966
    [18] => 646391
    [19] => 472641
)
Script Executado!
sex abr 24 21:00:02 -03 2020
seg abr 27 21:00:01 -03 2020
Array
(
    [0] => 986221
    [1] => 3895475
    [2] => 4266479
    [3] => 3871614
    [4] => 8476684
    [5] => 568328
    [6] => 781958
    [7] => 257444
    [8] => 421743
    [9] => 585479
    [10] => 863978
    [11] => 122883
    [12] => 344433
    [13] => 494524
    [14] => 518411
    [15] => 897568
    [16] => 563779
    [17] => 168811
)
Script Executado!
seg abr 27 21:00:02 -03 2020
ter abr 28 21:00:01 -03 2020
Array
(
    [0] => 8784538
    [1] => 3194149
    [2] => 312996
    [3] => 588516
    [4] => 958492
    [5] => 498326
    [6] => 921742
    [7] => 1592568
)
Script Executado!
ter abr 28 21:00:02 -03 2020
qua abr 29 21:00:01 -03 2020
Array
(
    [0] => 4559662
    [1] => 516885
    [2] => 975977
    [3] => 391339
    [4] => 967354
    [5] => 742445
    [6] => 174718
    [7] => 935756
    [8] => 513336
    [9] => 689692
)
Script Executado!
qua abr 29 21:00:01 -03 2020
qui abr 30 21:00:01 -03 2020
Array
(
    [0] => 834274
    [1] => 118712
    [2] => 123164
    [3] => 965285
)
Script Executado!
qui abr 30 21:00:02 -03 2020
sex mai  1 21:00:01 -03 2020
Array
(
    [0] => 6297966
    [1] => 7226732
    [2] => 482345
    [3] => 989953
    [4] => 836123
    [5] => 118836
    [6] => 416931
    [7] => 848639
    [8] => 113173
    [9] => 924997
    [10] => 125263
)
Script Executado!
sex mai  1 21:00:02 -03 2020
seg mai  4 21:00:01 -03 2020
Array
(
    [0] => 548218
)
Script Executado!
seg mai  4 21:00:01 -03 2020
ter mai  5 21:00:01 -03 2020
Array
(
    [0] => 6513876
    [1] => 6858915
    [2] => 762663
    [3] => 3135646
    [4] => 329216
    [5] => 982526
    [6] => 274247
    [7] => 529326
)
Script Executado!
ter mai  5 21:00:01 -03 2020
qua mai  6 21:00:01 -03 2020
Array
(
    [0] => 3857159
    [1] => 6419185
    [2] => 9926494
    [3] => 614835
    [4] => 497151
    [5] => 984117
    [6] => 886135
    [7] => 144278
    [8] => 367613
    [9] => 524696
    [10] => 146346
)
Script Executado!
qua mai  6 21:00:02 -03 2020
qui mai  7 21:00:01 -03 2020
Array
(
    [0] => 3339796
    [1] => 2869173
    [2] => 7579293
    [3] => 849839
    [4] => 881854
)
Script Executado!
qui mai  7 21:00:02 -03 2020
sex mai  8 21:00:01 -03 2020
Array
(
    [0] => 7982576
    [1] => 341495
    [2] => 135184
    [3] => 5279213
    [4] => 3892913
    [5] => 697717
    [6] => 328193
    [7] => 7582771
    [8] => 713121
)
Script Executado!
sex mai  8 21:00:02 -03 2020
seg mai 11 21:00:01 -03 2020
Array
(
    [0] => 814425
    [1] => 6972926
    [2] => 7614697
    [3] => 867366
)
Script Executado!
seg mai 11 21:00:01 -03 2020
ter mai 12 21:00:01 -03 2020
Array
(
    [0] => 868876
    [1] => 351124
    [2] => 516383
    [3] => 983721
    [4] => 347225
    [5] => 624485
    [6] => 826478
    [7] => 629364
    [8] => 263178
    [9] => 676974
    [10] => 263965
)
Script Executado!
ter mai 12 21:00:02 -03 2020
qua mai 13 21:00:01 -03 2020
Array
(
    [0] => 395353
    [1] => 283826
    [2] => 663949
    [3] => 253438
    [4] => 498123
    [5] => 321221
    [6] => 886459
    [7] => 835614
    [8] => 264367
    [9] => 319957
    [10] => 279314
    [11] => 644433
    [12] => 939425
    [13] => 852953
    [14] => 4582839
)
Script Executado!
qua mai 13 21:00:02 -03 2020
qui mai 14 21:00:01 -03 2020
Array
(
    [0] => 5713623
    [1] => 2126167
    [2] => 1356758
    [3] => 882122
    [4] => 4193889
    [5] => 912223
    [6] => 457228
    [7] => 453969
    [8] => 676127
)
Script Executado!
qui mai 14 21:00:02 -03 2020
sex mai 15 21:00:01 -03 2020
Array
(
    [0] => 3921168
    [1] => 969512
    [2] => 514499
    [3] => 3961165
    [4] => 465466
    [5] => 454373
    [6] => 394564
    [7] => 1645966
    [8] => 942583
)
Script Executado!
sex mai 15 21:00:02 -03 2020
seg mai 18 21:00:01 -03 2020
Array
(
    [0] => 1173113
    [1] => 997643
    [2] => 281486
    [3] => 118126
    [4] => 694217
    [5] => 551643
)
Script Executado!
seg mai 18 21:00:02 -03 2020
ter mai 19 21:00:01 -03 2020
Array
(
    [0] => 116272
    [1] => 882251
    [2] => 7852678
    [3] => 582468
    [4] => 364312
    [5] => 5736281
    [6] => 858671
    [7] => 192739
)
Script Executado!
ter mai 19 21:00:01 -03 2020
qua mai 20 21:00:01 -03 2020
Array
(
    [0] => 5878218
    [1] => 541478
    [2] => 9197175
    [3] => 799574
    [4] => 376932
    [5] => 988247
    [6] => 296885
    [7] => 416673
)
Script Executado!
qua mai 20 21:00:02 -03 2020
qui mai 21 21:00:01 -03 2020
Array
(
    [0] => 924995
    [1] => 3244481
    [2] => 522293
    [3] => 1299191
    [4] => 332752
    [5] => 778888
    [6] => 773286
    [7] => 747358
    [8] => 252213
    [9] => 244987
    [10] => 431372
)
Script Executado!
qui mai 21 21:00:02 -03 2020
sex mai 22 21:00:01 -03 2020
Array
(
    [0] => 6262512
    [1] => 759745
    [2] => 689186
    [3] => 686792
    [4] => 176716
    [5] => 279152
    [6] => 259379
    [7] => 284457
    [8] => 9396187
    [9] => 582269
    [10] => 787919
    [11] => 249458
    [12] => 175272
    [13] => 366324
)
Script Executado!
sex mai 22 21:00:02 -03 2020
seg mai 25 21:00:01 -03 2020
Array
(
    [0] => 9449968
    [1] => 6455365
    [2] => 1659334
    [3] => 264484
    [4] => 7154617
    [5] => 7443571
    [6] => 366599
)
Script Executado!
seg mai 25 21:00:02 -03 2020
ter mai 26 21:00:01 -03 2020
Array
(
    [0] => 6843146
    [1] => 477137
    [2] => 6256377
    [3] => 172486
    [4] => 455754
    [5] => 683623
    [6] => 134662
    [7] => 549976
    [8] => 226547
    [9] => 468593
)
Script Executado!
ter mai 26 21:00:02 -03 2020
qua mai 27 21:00:01 -03 2020
Array
(
    [0] => 599626
    [1] => 212165
    [2] => 614546
    [3] => 6567229
    [4] => 252577
    [5] => 735523
)
Script Executado!
qua mai 27 21:00:02 -03 2020
qui mai 28 21:00:01 -03 2020
Array
(
    [0] => 1734431
    [1] => 9799342
    [2] => 4697731
    [3] => 832219
    [4] => 694357
    [5] => 379218
    [6] => 611282
    [7] => 732889
    [8] => 891887
    [9] => 233618
    [10] => 781162
    [11] => 362635
    [12] => 3744264
)
Script Executado!
qui mai 28 21:00:02 -03 2020
sex mai 29 21:00:01 -03 2020
Array
(
    [0] => 457263
    [1] => 335611
    [2] => 485757
    [3] => 4417851
    [4] => 311826
    [5] => 597288
    [6] => 934618
    [7] => 915478
)
Script Executado!
sex mai 29 21:00:02 -03 2020
seg jun  1 21:00:01 -03 2020
Array
(
    [0] => 4852123
    [1] => 3954416
    [2] => 2479567
    [3] => 4949912
    [4] => 813316
    [5] => 686856
    [6] => 997315
)
Script Executado!
seg jun  1 21:00:02 -03 2020
ter jun  2 21:00:01 -03 2020
Array
(
    [0] => 9756867
    [1] => 669468
    [2] => 1233837
    [3] => 359986
    [4] => 628281
    [5] => 1334868
    [6] => 595535
    [7] => 663438
    [8] => 455912
    [9] => 196143
    [10] => 732947
    [11] => 474346
    [12] => 562433
)
Script Executado!
ter jun  2 21:00:02 -03 2020
qua jun  3 21:00:01 -03 2020
Array
(
    [0] => 1848313
    [1] => 2835475
    [2] => 933895
    [3] => 897326
    [4] => 9422821
    [5] => 319613
    [6] => 718494
    [7] => 575416
)
Script Executado!
qua jun  3 21:00:01 -03 2020
qui jun  4 21:00:01 -03 2020
Array
(
    [0] => 7349514
    [1] => 851631
    [2] => 762947
    [3] => 671722
    [4] => 437391
    [5] => 621462
    [6] => 328678
    [7] => 853337
    [8] => 621925
    [9] => 6172274
    [10] => 712133
    [11] => 115732
    [12] => 6566158
)
Script Executado!
qui jun  4 21:00:01 -03 2020
sex jun  5 21:00:01 -03 2020
Array
(
    [0] => 9851565
    [1] => 2934155
    [2] => 783998
    [3] => 9877798
    [4] => 4489874
    [5] => 3121819
    [6] => 837277
    [7] => 224154
    [8] => 517546
    [9] => 161429
    [10] => 7111673
    [11] => 261482
    [12] => 753299
    [13] => 7672834
)
Script Executado!
sex jun  5 21:00:02 -03 2020
seg jun  8 21:00:01 -03 2020
Array
(
    [0] => 924621
    [1] => 245567
    [2] => 813493
    [3] => 384585
    [4] => 9413951
    [5] => 7987793
    [6] => 557458
    [7] => 696569
    [8] => 535264
    [9] => 914264
    [10] => 391527
    [11] => 384864
    [12] => 281465
)
Script Executado!
seg jun  8 21:00:02 -03 2020
ter jun  9 21:00:01 -03 2020
Array
(
    [0] => 2719755
    [1] => 874841
    [2] => 2871534
    [3] => 7914428
    [4] => 529874
    [5] => 787583
    [6] => 337569
    [7] => 117425
    [8] => 6665991
    [9] => 825778
    [10] => 289312
    [11] => 739544
    [12] => 886224
    [13] => 955174
    [14] => 684316
)
Script Executado!
ter jun  9 21:00:01 -03 2020
qua jun 10 21:00:01 -03 2020
Array
(
    [0] => 2436227
    [1] => 4587825
    [2] => 953479
)
Script Executado!
qua jun 10 21:00:02 -03 2020
qui jun 11 21:00:01 -03 2020
Array
(
    [0] => 4572987
    [1] => 636198
    [2] => 319122
    [3] => 559685
    [4] => 355274
    [5] => 867815
    [6] => 152646
    [7] => 751269
)
Script Executado!
qui jun 11 21:00:02 -03 2020
sex jun 12 21:00:01 -03 2020
Array
(
)
Script Executado!
sex jun 12 21:00:01 -03 2020
seg jun 15 21:00:01 -03 2020
Array
(
    [0] => 3456442
    [1] => 521345
    [2] => 684617
    [3] => 884113
    [4] => 489878
    [5] => 368881
    [6] => 2639642
    [7] => 558234
)
Script Executado!
seg jun 15 21:00:02 -03 2020
ter jun 16 21:00:01 -03 2020
Array
(
    [0] => 9239832
    [1] => 268742
    [2] => 4355638
    [3] => 525857
    [4] => 697179
    [5] => 1188891
    [6] => 113886
    [7] => 239341
    [8] => 416372
    [9] => 817866
)
Script Executado!
ter jun 16 21:00:02 -03 2020
qua jun 17 21:00:01 -03 2020
Array
(
    [0] => 9468446
    [1] => 487513
    [2] => 827317
    [3] => 595575
    [4] => 634564
    [5] => 885731
    [6] => 891395
    [7] => 681831
)
Script Executado!
qua jun 17 21:00:01 -03 2020
qui jun 18 21:00:01 -03 2020
Array
(
    [0] => 4375842
    [1] => 192781
    [2] => 677712
    [3] => 456266
    [4] => 223424
    [5] => 621134
    [6] => 881314
)
Script Executado!
qui jun 18 21:00:02 -03 2020
sex jun 19 21:00:01 -03 2020
Array
(
    [0] => 1253964
    [1] => 6114558
    [2] => 4991834
    [3] => 269849
    [4] => 822915
    [5] => 382437
)
Script Executado!
sex jun 19 21:00:02 -03 2020
seg jun 22 21:00:01 -03 2020
Array
(
    [0] => 449149
    [1] => 463394
    [2] => 299993
    [3] => 348926
    [4] => 766479
    [5] => 8988764
    [6] => 112869
    [7] => 218179
)
Script Executado!
seg jun 22 21:00:02 -03 2020
ter jun 23 21:00:01 -03 2020
Array
(
    [0] => 572726
    [1] => 8139176
    [2] => 253444
    [3] => 482382
    [4] => 664834
    [5] => 268975
    [6] => 572386
    [7] => 496648
)
Script Executado!
ter jun 23 21:00:02 -03 2020
qua jun 24 21:00:01 -03 2020
Array
(
    [0] => 9327557
    [1] => 9837799
    [2] => 7836265
    [3] => 2356855
    [4] => 569861
    [5] => 675746
    [6] => 479346
    [7] => 448419
    [8] => 878621
    [9] => 842163
    [10] => 777561
    [11] => 616589
)
Script Executado!
qua jun 24 21:00:02 -03 2020
qui jun 25 21:00:01 -03 2020
Array
(
    [0] => 3593254
    [1] => 8546861
    [2] => 955313
    [3] => 723939
    [4] => 2943696
    [5] => 847388
)
Script Executado!
qui jun 25 21:00:02 -03 2020
sex jun 26 21:00:01 -03 2020
Array
(
    [0] => 2693846
    [1] => 2382984
    [2] => 617769
    [3] => 192358
    [4] => 557551
    [5] => 758741
)
Script Executado!
sex jun 26 21:00:02 -03 2020
seg jun 29 21:00:01 -03 2020
Array
(
    [0] => 2652672
    [1] => 7363346
    [2] => 829441
    [3] => 338989
    [4] => 564245
    [5] => 692481
    [6] => 181431
)
Script Executado!
seg jun 29 21:00:02 -03 2020
ter jun 30 21:00:01 -03 2020
Array
(
    [0] => 755387
    [1] => 426757
    [2] => 818319
    [3] => 351631
    [4] => 744985
    [5] => 736399
    [6] => 652411
)
Script Executado!
ter jun 30 21:00:02 -03 2020
qua jul  1 21:00:01 -03 2020
Array
(
    [0] => 482552
    [1] => 762999
    [2] => 274543
    [3] => 459888
    [4] => 538745
)
Script Executado!
qua jul  1 21:00:02 -03 2020
qui jul  2 21:00:01 -03 2020
Array
(
    [0] => 772948
    [1] => 353316
    [2] => 613641
    [3] => 633367
    [4] => 988997
    [5] => 395627
    [6] => 564491
    [7] => 848972
    [8] => 9841298
)
Script Executado!
qui jul  2 21:00:02 -03 2020
sex jul  3 21:00:01 -03 2020
Array
(
    [0] => 765894
    [1] => 226842
    [2] => 972287
    [3] => 1394194
    [4] => 996421
    [5] => 118968
    [6] => 2628932
    [7] => 975952
    [8] => 593986
    [9] => 642458
    [10] => 475477
    [11] => 873222
)
Script Executado!
sex jul  3 21:00:02 -03 2020
seg jul  6 21:00:01 -03 2020
Array
(
    [0] => 231346
    [1] => 729148
    [2] => 2332935
    [3] => 741558
    [4] => 921984
    [5] => 721669
    [6] => 9933868
)
Script Executado!
seg jul  6 21:00:02 -03 2020
ter jul  7 21:00:01 -03 2020
Array
(
    [0] => 741721
    [1] => 816426
    [2] => 7635746
    [3] => 4235916
    [4] => 934892
    [5] => 584915
    [6] => 855258
    [7] => 393263
)
Script Executado!
ter jul  7 21:00:02 -03 2020
qua jul  8 21:00:01 -03 2020
Array
(
    [0] => 832152
    [1] => 297321
    [2] => 3842725
    [3] => 235157
    [4] => 491383
    [5] => 1674618
    [6] => 296235
    [7] => 775872
)
Script Executado!
qua jul  8 21:00:02 -03 2020
qui jul  9 21:00:01 -03 2020
Array
(
    [0] => 1391728
    [1] => 915738
    [2] => 635836
    [3] => 446777
    [4] => 576645
    [5] => 932361
    [6] => 391255
    [7] => 444186
)
Script Executado!
qui jul  9 21:00:02 -03 2020
sex jul 10 21:00:01 -03 2020
Array
(
    [0] => 597929
    [1] => 715343
    [2] => 1935669
    [3] => 865829
    [4] => 244949
    [5] => 413452
    [6] => 822928
)
Script Executado!
sex jul 10 21:00:02 -03 2020
seg jul 13 21:00:01 -03 2020
Array
(
    [0] => 5696733
    [1] => 822932
    [2] => 238774
    [3] => 852142
    [4] => 333867
    [5] => 229841
    [6] => 854845
    [7] => 3215453
    [8] => 657775
    [9] => 1372243
    [10] => 656955
)
Script Executado!
seg jul 13 21:00:02 -03 2020
ter jul 14 21:00:01 -03 2020
Array
(
    [0] => 8468951
    [1] => 671799
    [2] => 587722
    [3] => 234987
    [4] => 985942
    [5] => 864445
    [6] => 763789
    [7] => 714444
    [8] => 439581
    [9] => 796613
    [10] => 825585
)
Script Executado!
ter jul 14 21:00:02 -03 2020
qua jul 15 21:00:01 -03 2020
Array
(
    [0] => 2396967
    [1] => 4633629
    [2] => 313956
    [3] => 175213
    [4] => 899416
    [5] => 847962
    [6] => 228224
)
Script Executado!
qua jul 15 21:00:02 -03 2020
qui jul 16 21:00:01 -03 2020
Array
(
    [0] => 4823677
    [1] => 2817674
    [2] => 9178846
    [3] => 625981
    [4] => 733683
    [5] => 926332
    [6] => 832894
    [7] => 428449
    [8] => 917467
    [9] => 371158
)
Script Executado!
qui jul 16 21:00:02 -03 2020
sex jul 17 21:00:01 -03 2020
Array
(
    [0] => 7816717
    [1] => 1214471
    [2] => 231127
    [3] => 469887
    [4] => 8996424
    [5] => 516956
    [6] => 633838
)
Script Executado!
sex jul 17 21:00:02 -03 2020
seg jul 20 21:00:01 -03 2020
Array
(
    [0] => 1638227
    [1] => 827324
    [2] => 831746
    [3] => 988192
    [4] => 882382
    [5] => 878419
    [6] => 834237
    [7] => 879134
)
Script Executado!
seg jul 20 21:00:02 -03 2020
ter jul 21 21:00:01 -03 2020
Array
(
    [0] => 191143
    [1] => 318782
    [2] => 161123
    [3] => 821351
    [4] => 421264
    [5] => 2633847
    [6] => 698225
    [7] => 588628
)
Script Executado!
ter jul 21 21:00:01 -03 2020
qua jul 22 21:00:01 -03 2020
Array
(
    [0] => 811231
    [1] => 9473428
    [2] => 9326325
    [3] => 536717
    [4] => 523521
    [5] => 825715
    [6] => 174847
    [7] => 961127
)
Script Executado!
qua jul 22 21:00:02 -03 2020
qui jul 23 21:00:01 -03 2020
Array
(
    [0] => 9498368
    [1] => 1972248
    [2] => 649977
    [3] => 594339
    [4] => 786396
    [5] => 384693
    [6] => 424473
    [7] => 938921
    [8] => 319459
)
Script Executado!
qui jul 23 21:00:02 -03 2020
sex jul 24 21:00:01 -03 2020
Array
(
    [0] => 4369948
    [1] => 431334
    [2] => 445513
    [3] => 9643119
    [4] => 272496
    [5] => 222359
    [6] => 364648
    [7] => 682783
    [8] => 196365
    [9] => 738635
    [10] => 549723
    [11] => 484996
)
Script Executado!
sex jul 24 21:00:02 -03 2020
seg jul 27 21:00:01 -03 2020
Array
(
    [0] => 183425
    [1] => 327132
    [2] => 495513
    [3] => 456299
    [4] => 542739
    [5] => 447562
    [6] => 714732
    [7] => 764845
)
Script Executado!
seg jul 27 21:00:02 -03 2020
ter jul 28 21:00:01 -03 2020
Array
(
    [0] => 8678146
    [1] => 291944
    [2] => 826512
    [3] => 433764
    [4] => 478639
    [5] => 554544
)
Script Executado!
ter jul 28 21:00:02 -03 2020
qua jul 29 21:00:01 -03 2020
Array
(
    [0] => 687694
    [1] => 995934
    [2] => 2855299
    [3] => 462857
    [4] => 4133822
    [5] => 383779
)
Script Executado!
qua jul 29 21:00:01 -03 2020
qui jul 30 21:00:01 -03 2020
Array
(
    [0] => 9515746
    [1] => 791365
    [2] => 681166
    [3] => 499941
    [4] => 386657
    [5] => 942119
)
Script Executado!
qui jul 30 21:00:02 -03 2020
sex jul 31 21:00:01 -03 2020
Array
(
    [0] => 8525116
    [1] => 716871
    [2] => 467727
    [3] => 969246
    [4] => 8424299
    [5] => 8285784
    [6] => 921772
    [7] => 582277
)
Script Executado!
sex jul 31 21:00:03 -03 2020
seg ago  3 21:00:01 -03 2020
Array
(
    [0] => 741487
    [1] => 9731337
    [2] => 197917
)
Script Executado!
seg ago  3 21:00:01 -03 2020
ter ago  4 21:00:01 -03 2020
Array
(
    [0] => 5366787
    [1] => 5182974
    [2] => 3792844
    [3] => 8693932
    [4] => 2634218
    [5] => 261527
    [6] => 763135
    [7] => 579225
    [8] => 734177
    [9] => 174581
    [10] => 2293123
    [11] => 659581
)
Script Executado!
ter ago  4 21:00:02 -03 2020
qua ago  5 21:00:01 -03 2020
Array
(
    [0] => 773527
    [1] => 358442
    [2] => 494786
    [3] => 276256
    [4] => 278786
    [5] => 663848
)
Script Executado!
qua ago  5 21:00:01 -03 2020
qui ago  6 21:00:01 -03 2020
Array
(
    [0] => 154182
    [1] => 311248
    [2] => 377392
    [3] => 497746
    [4] => 736562
    [5] => 786754
    [6] => 819412
    [7] => 576599
    [8] => 657559
    [9] => 334632
    [10] => 421132
    [11] => 272922
)
Script Executado!
qui ago  6 21:00:03 -03 2020
sex ago  7 21:00:01 -03 2020
Array
(
    [0] => 975516
    [1] => 657282
    [2] => 465778
    [3] => 747284
    [4] => 567193
    [5] => 7188833
    [6] => 245484
)
Script Executado!
sex ago  7 21:00:02 -03 2020
seg ago 10 21:00:01 -03 2020
Array
(
    [0] => 922512
    [1] => 154278
    [2] => 953456
    [3] => 947489
    [4] => 863543
    [5] => 964539
    [6] => 727914
)
Script Executado!
seg ago 10 21:00:02 -03 2020
ter ago 11 21:00:01 -03 2020
Array
(
    [0] => 5662772
    [1] => 774387
    [2] => 481834
    [3] => 854824
    [4] => 359162
    [5] => 524792
    [6] => 445389
    [7] => 968577
    [8] => 955186
    [9] => 555738
)
Script Executado!
ter ago 11 21:00:02 -03 2020
qua ago 12 21:00:01 -03 2020
Array
(
    [0] => 831737
    [1] => 1992455
    [2] => 671766
    [3] => 895185
    [4] => 856971
    [5] => 543982
    [6] => 711276
    [7] => 869738
)
Script Executado!
qua ago 12 21:00:02 -03 2020
qui ago 13 21:00:01 -03 2020
Array
(
    [0] => 7521835
    [1] => 135653
    [2] => 4968166
    [3] => 613179
    [4] => 959269
    [5] => 638735
    [6] => 1226925
)
Script Executado!
qui ago 13 21:00:01 -03 2020
sex ago 14 21:00:01 -03 2020
Array
(
    [0] => 924577
    [1] => 5963927
    [2] => 4491472
    [3] => 514482
    [4] => 5382216
    [5] => 325996
    [6] => 7569345
    [7] => 955268
    [8] => 241249
    [9] => 994893
    [10] => 762773
    [11] => 122633
)
Script Executado!
sex ago 14 21:00:02 -03 2020
seg ago 17 21:00:01 -03 2020
Array
(
    [0] => 8237399
    [1] => 187995
    [2] => 882646
    [3] => 711313
    [4] => 197169
    [5] => 974674
    [6] => 773598
    [7] => 368885
    [8] => 769528
)
Script Executado!
seg ago 17 21:00:01 -03 2020
ter ago 18 21:00:01 -03 2020
Array
(
    [0] => 989118
    [1] => 361791
    [2] => 799584
    [3] => 815326
)
Script Executado!
ter ago 18 21:00:02 -03 2020
qua ago 19 21:00:01 -03 2020
Array
(
    [0] => 645544
    [1] => 5281782
    [2] => 826253
    [3] => 295352
    [4] => 214614
    [5] => 213269
)
Script Executado!
qua ago 19 21:00:02 -03 2020
qui ago 20 21:00:01 -03 2020
Array
(
    [0] => 5771111
    [1] => 796943
    [2] => 711192
    [3] => 595781
    [4] => 2223564
    [5] => 2559866
    [6] => 144848
    [7] => 8167324
    [8] => 997283
    [9] => 451163
    [10] => 778973
    [11] => 653121
    [12] => 273652
    [13] => 552657
    [14] => 523971
    [15] => 342865
    [16] => 937295
)
Script Executado!
qui ago 20 21:00:03 -03 2020
sex ago 21 21:00:01 -03 2020
Array
(
    [0] => 731719
    [1] => 9555823
    [2] => 7253369
    [3] => 484312
    [4] => 227218
    [5] => 564298
    [6] => 2327635
    [7] => 3856278
    [8] => 116553
    [9] => 268643
    [10] => 913771
    [11] => 388775
    [12] => 857757
    [13] => 516982
    [14] => 174189
    [15] => 1225629
)
Script Executado!
sex ago 21 21:00:03 -03 2020
seg ago 24 21:00:01 -03 2020
Array
(
    [0] => 492885
    [1] => 6762686
    [2] => 712998
    [3] => 172775
    [4] => 248781
    [5] => 227458
)
Script Executado!
seg ago 24 21:00:02 -03 2020
ter ago 25 21:00:01 -03 2020
Array
(
    [0] => 1516613
    [1] => 9484527
    [2] => 9338884
    [3] => 456691
    [4] => 961465
    [5] => 816241
    [6] => 266155
    [7] => 558994
)
Script Executado!
ter ago 25 21:00:02 -03 2020
qua ago 26 21:00:01 -03 2020
Array
(
    [0] => 657828
    [1] => 4167713
    [2] => 453634
    [3] => 154583
    [4] => 855631
    [5] => 426744
    [6] => 283241
    [7] => 3223179
    [8] => 325191
)
Script Executado!
qua ago 26 21:00:03 -03 2020
qui ago 27 21:00:01 -03 2020
Array
(
    [0] => 1194735
    [1] => 192858
    [2] => 156756
    [3] => 996177
    [4] => 394442
    [5] => 292861
    [6] => 925158
)
Script Executado!
qui ago 27 21:00:02 -03 2020
sex ago 28 21:00:01 -03 2020
Array
(
    [0] => 7913341
    [1] => 838491
    [2] => 896761
    [3] => 1297523
    [4] => 658633
    [5] => 4255735
    [6] => 1318726
    [7] => 653577
    [8] => 329679
    [9] => 311297
    [10] => 872733
    [11] => 855583
    [12] => 213675
    [13] => 867589
)
Script Executado!
sex ago 28 21:00:02 -03 2020
seg ago 31 21:00:01 -03 2020
Array
(
    [0] => 397544
    [1] => 992688
    [2] => 194785
    [3] => 3167749
)
Script Executado!
seg ago 31 21:00:02 -03 2020
ter set  1 21:00:01 -03 2020
Array
(
    [0] => 917566
    [1] => 2149431
    [2] => 142495
    [3] => 938673
    [4] => 9975781
    [5] => 822632
    [6] => 812387
)
Script Executado!
ter set  1 21:00:01 -03 2020
qua set  2 21:00:01 -03 2020
Array
(
    [0] => 1181324
    [1] => 795518
    [2] => 998942
    [3] => 551499
    [4] => 754593
    [5] => 4792787
)
Script Executado!
qua set  2 21:00:02 -03 2020
qui set  3 21:00:01 -03 2020
Array
(
    [0] => 653166
    [1] => 381142
    [2] => 933621
    [3] => 121688
    [4] => 281291
    [5] => 124199
)
Script Executado!
qui set  3 21:00:02 -03 2020
sex set  4 21:00:01 -03 2020
Array
(
    [0] => 493423
    [1] => 9892178
    [2] => 935215
)
Script Executado!
sex set  4 21:00:02 -03 2020
seg set  7 21:00:01 -03 2020
Array
(
    [0] => 764368
    [1] => 113257
    [2] => 185125
    [3] => 643319
    [4] => 583146
    [5] => 427642
    [6] => 177966
    [7] => 169476
    [8] => 216154
    [9] => 959515
    [10] => 424925
    [11] => 395671
    [12] => 122289
)
Script Executado!
seg set  7 21:00:02 -03 2020
ter set  8 21:00:01 -03 2020
Array
(
)
Script Executado!
ter set  8 21:00:02 -03 2020
qua set  9 21:00:01 -03 2020
Array
(
    [0] => 1733159
    [1] => 3484159
    [2] => 9334959
    [3] => 1792261
    [4] => 944375
    [5] => 628995
    [6] => 639244
    [7] => 8856189
    [8] => 856661
    [9] => 177575
    [10] => 543632
    [11] => 555371
    [12] => 279436
    [13] => 239562
    [14] => 632968
    [15] => 599481
)
Script Executado!
qua set  9 21:00:03 -03 2020
qui set 10 21:00:01 -03 2020
Array
(
    [0] => 9563249
    [1] => 713532
    [2] => 9422974
    [3] => 785321
    [4] => 787935
    [5] => 736973
)
Script Executado!
qui set 10 21:00:02 -03 2020
sex set 11 21:00:01 -03 2020
Array
(
    [0] => 5363418
    [1] => 1549865
    [2] => 719868
)
Script Executado!
sex set 11 21:00:01 -03 2020
seg set 14 21:00:01 -03 2020
Array
(
    [0] => 9717846
    [1] => 9124968
    [2] => 887525
    [3] => 316983
    [4] => 514653
    [5] => 517962
    [6] => 635157
)
Script Executado!
seg set 14 21:00:02 -03 2020
ter set 15 21:00:01 -03 2020
Array
(
    [0] => 1142558
    [1] => 3822194
    [2] => 6639174
    [3] => 688912
    [4] => 4857612
    [5] => 917584
    [6] => 532849
    [7] => 755446
    [8] => 222599
)
Script Executado!
ter set 15 21:00:02 -03 2020
qua set 16 21:00:01 -03 2020
Array
(
    [0] => 684528
    [1] => 7227376
    [2] => 4132367
    [3] => 391583
    [4] => 7468727
    [5] => 486343
    [6] => 858239
    [7] => 893557
    [8] => 173368
)
Script Executado!
qua set 16 21:00:02 -03 2020
qui set 17 21:00:01 -03 2020
Array
(
    [0] => 616657
    [1] => 9531727
    [2] => 5215427
    [3] => 329738
    [4] => 484127
    [5] => 996821
)
Script Executado!
qui set 17 21:00:03 -03 2020
sex set 18 21:00:01 -03 2020
Array
(
    [0] => 629352
    [1] => 9677219
    [2] => 3754418
    [3] => 1724634
    [4] => 9897954
)
Script Executado!
sex set 18 21:00:01 -03 2020
seg set 21 21:00:01 -03 2020
Array
(
    [0] => 982311
    [1] => 542856
    [2] => 451618
    [3] => 247874
)
Script Executado!
seg set 21 21:00:02 -03 2020
ter set 22 21:00:01 -03 2020
Array
(
    [0] => 8926911
    [1] => 3329615
    [2] => 4213531
    [3] => 214818
    [4] => 283373
    [5] => 411725
    [6] => 267855
    [7] => 782465
    [8] => 739142
    [9] => 2843788
)
Script Executado!
ter set 22 21:00:02 -03 2020
qua set 23 21:00:01 -03 2020
Array
(
    [0] => 3657161
    [1] => 2235144
    [2] => 237684
    [3] => 495485
    [4] => 351797
    [5] => 2727273
    [6] => 195487
    [7] => 446471
    [8] => 494317
    [9] => 563858
    [10] => 973568
    [11] => 775214
)
Script Executado!
qua set 23 21:00:02 -03 2020
qui set 24 21:00:01 -03 2020
Array
(
    [0] => 248919
    [1] => 371146
    [2] => 9723522
    [3] => 1275776
    [4] => 643328
    [5] => 846981
    [6] => 188362
    [7] => 364735
    [8] => 443445
    [9] => 6245314
    [10] => 266691
    [11] => 428254
    [12] => 425739
    [13] => 594532
    [14] => 342713
)
Script Executado!
qui set 24 21:00:02 -03 2020
sex set 25 21:00:01 -03 2020
Array
(
    [0] => 6874721
    [1] => 2689334
    [2] => 7999779
    [3] => 435368
    [4] => 122836
    [5] => 276619
    [6] => 215711
    [7] => 264813
    [8] => 296174
)
Script Executado!
sex set 25 21:00:02 -03 2020
seg set 28 21:00:01 -03 2020
Array
(
    [0] => 484317
    [1] => 935878
    [2] => 2979141
    [3] => 8763614
    [4] => 836486
    [5] => 627169
    [6] => 859512
)
Script Executado!
seg set 28 21:00:02 -03 2020
ter set 29 21:00:01 -03 2020
Array
(
    [0] => 3489952
    [1] => 6568647
    [2] => 3121489
    [3] => 534484
    [4] => 416479
    [5] => 293397
    [6] => 458697
)
Script Executado!
ter set 29 21:00:02 -03 2020
qua set 30 21:00:01 -03 2020
Array
(
    [0] => 3937618
    [1] => 125451
    [2] => 392395
    [3] => 9173995
    [4] => 768915
    [5] => 588425
    [6] => 739554
    [7] => 819782
    [8] => 345635
    [9] => 326615
    [10] => 238717
    [11] => 781853
)
Script Executado!
qua set 30 21:00:03 -03 2020
qui out  1 21:00:01 -03 2020
Array
(
    [0] => 617467
    [1] => 927913
    [2] => 462843
    [3] => 916661
    [4] => 7725586
    [5] => 838383
)
Script Executado!
qui out  1 21:00:02 -03 2020
sex out  2 21:00:01 -03 2020
Array
(
    [0] => 2336596
    [1] => 675726
    [2] => 795723
    [3] => 795558
    [4] => 7361652
    [5] => 494417
    [6] => 341543
    [7] => 447553
    [8] => 267241
    [9] => 574416
)
Script Executado!
sex out  2 21:00:02 -03 2020
seg out  5 21:00:01 -03 2020
Array
(
    [0] => 5932342
    [1] => 1948116
    [2] => 8251771
    [3] => 3727482
    [4] => 9536388
    [5] => 396687
    [6] => 984517
    [7] => 3625561
    [8] => 2749259
    [9] => 713193
    [10] => 447755
)
Script Executado!
seg out  5 21:00:03 -03 2020
ter out  6 21:00:01 -03 2020
Array
(
    [0] => 8496349
    [1] => 9642153
    [2] => 584425
    [3] => 188489
    [4] => 324782
    [5] => 712297
    [6] => 186541
    [7] => 992242
    [8] => 726282
    [9] => 147368
    [10] => 869864
    [11] => 318976
)
Script Executado!
ter out  6 21:00:02 -03 2020
qua out  7 21:00:01 -03 2020
Array
(
    [0] => 6663315
    [1] => 516622
    [2] => 854448
    [3] => 788727
    [4] => 621331
    [5] => 869747
    [6] => 5291242
    [7] => 252121
)
Script Executado!
qua out  7 21:00:02 -03 2020
qui out  8 21:00:01 -03 2020
Array
(
    [0] => 4296686
    [1] => 6668277
    [2] => 978992
    [3] => 353425
    [4] => 364911
    [5] => 896189
)
Script Executado!
qui out  8 21:00:02 -03 2020
sex out  9 21:00:01 -03 2020
Array
(
    [0] => 1713823
    [1] => 248811
    [2] => 951746
    [3] => 681861
    [4] => 731871
    [5] => 814963
    [6] => 4296357
    [7] => 367137
    [8] => 165132
    [9] => 1545869
    [10] => 577313
    [11] => 756783
)
Script Executado!
sex out  9 21:00:02 -03 2020
seg out 12 21:00:01 -03 2020
Array
(
    [0] => 479518
    [1] => 323244
    [2] => 547537
    [3] => 8373554
    [4] => 961593
    [5] => 633927
    [6] => 571673
    [7] => 178243
    [8] => 623849
    [9] => 527167
)
Script Executado!
seg out 12 21:00:02 -03 2020
ter out 13 21:00:01 -03 2020
Array
(
)
Script Executado!
ter out 13 21:00:02 -03 2020
qua out 14 21:00:01 -03 2020
Array
(
    [0] => 8543522
    [1] => 5243219
    [2] => 348317
    [3] => 8766177
    [4] => 933642
    [5] => 527463
    [6] => 327448
    [7] => 4134338
    [8] => 6758747
    [9] => 782973
    [10] => 299288
    [11] => 438621
)
Script Executado!
qua out 14 21:00:02 -03 2020
qui out 15 21:00:01 -03 2020
Array
(
    [0] => 4168653
    [1] => 6284422
    [2] => 512439
    [3] => 294855
    [4] => 187727
    [5] => 313197
    [6] => 525377
    [7] => 679828
)
Script Executado!
qui out 15 21:00:02 -03 2020
sex out 16 21:00:01 -03 2020
Array
(
    [0] => 469975
    [1] => 659465
    [2] => 817395
    [3] => 412267
    [4] => 1393371
)
Script Executado!
sex out 16 21:00:02 -03 2020
seg out 19 21:00:01 -03 2020
Array
(
    [0] => 1542274
    [1] => 272215
    [2] => 942831
    [3] => 558229
    [4] => 158521
)
Script Executado!
seg out 19 21:00:02 -03 2020
ter out 20 21:00:01 -03 2020
Array
(
    [0] => 523745
    [1] => 2863767
    [2] => 8585239
    [3] => 4187177
    [4] => 6215921
    [5] => 8269692
    [6] => 931667
    [7] => 998268
    [8] => 223363
    [9] => 843119
)
Script Executado!
ter out 20 21:00:02 -03 2020
qua out 21 21:00:01 -03 2020
Array
(
    [0] => 5666495
    [1] => 5129765
    [2] => 551171
    [3] => 421598
    [4] => 643892
    [5] => 786759
    [6] => 945132
    [7] => 784954
)
Script Executado!
qua out 21 21:00:02 -03 2020
qui out 22 21:00:01 -03 2020
Array
(
    [0] => 2664681
    [1] => 4927912
    [2] => 833738
    [3] => 392483
    [4] => 132194
    [5] => 382957
)
Script Executado!
qui out 22 21:00:02 -03 2020
sex out 23 21:00:01 -03 2020
Array
(
    [0] => 238241
    [1] => 797849
    [2] => 8584985
    [3] => 368784
    [4] => 784913
    [5] => 756513
)
Script Executado!
sex out 23 21:00:03 -03 2020
seg out 26 21:00:01 -03 2020
Array
(
    [0] => 8674747
    [1] => 367112
    [2] => 584887
    [3] => 176456
    [4] => 162918
    [5] => 4868874
    [6] => 3558597
)
Script Executado!
seg out 26 21:00:02 -03 2020
ter out 27 21:00:01 -03 2020
Array
(
    [0] => 7638549
    [1] => 6197456
    [2] => 467857
    [3] => 845777
    [4] => 194734
)
Script Executado!
ter out 27 21:00:02 -03 2020
qua out 28 21:00:01 -03 2020
Array
(
    [0] => 676582
    [1] => 499158
)
Script Executado!
qua out 28 21:00:02 -03 2020
qui out 29 21:00:01 -03 2020
Array
(
    [0] => 1119481
    [1] => 948869
    [2] => 111631
    [3] => 961735
    [4] => 658422
)
Script Executado!
qui out 29 21:00:02 -03 2020
sex out 30 21:00:01 -03 2020
Array
(
    [0] => 7729617
    [1] => 5513935
    [2] => 5166473
    [3] => 9516525
    [4] => 3531593
    [5] => 759431
    [6] => 168344
    [7] => 143773
    [8] => 467782
)
Script Executado!
sex out 30 21:00:02 -03 2020
seg nov  2 21:00:01 -03 2020
Array
(
    [0] => 4814925
    [1] => 8152676
    [2] => 682381
    [3] => 923135
    [4] => 458383
)
Script Executado!
seg nov  2 21:00:02 -03 2020
ter nov  3 21:00:01 -03 2020
Array
(
)
Script Executado!
ter nov  3 21:00:02 -03 2020
qua nov  4 21:00:01 -03 2020
Array
(
    [0] => 9729929
    [1] => 4969959
    [2] => 1677236
    [3] => 9639866
    [4] => 887856
    [5] => 719121
)
Script Executado!
qua nov  4 21:00:02 -03 2020
qui nov  5 21:00:01 -03 2020
Array
(
    [0] => 5295126
    [1] => 124493
    [2] => 895989
    [3] => 499845
    [4] => 1647741
    [5] => 398474
    [6] => 942355
    [7] => 459693
)
Script Executado!
qui nov  5 21:00:02 -03 2020
sex nov  6 21:00:01 -03 2020
Array
(
    [0] => 9522393
    [1] => 388749
    [2] => 8451998
    [3] => 821785
    [4] => 995272
    [5] => 741215
    [6] => 357187
    [7] => 499334
    [8] => 877563
)
Script Executado!
sex nov  6 21:00:01 -03 2020
seg nov  9 21:00:01 -03 2020
Array
(
    [0] => 924579
    [1] => 319666
    [2] => 7247647
    [3] => 531788
    [4] => 438375
    [5] => 3615291
    [6] => 835735
    [7] => 336815
)
Script Executado!
seg nov  9 21:00:02 -03 2020
ter nov 10 21:00:01 -03 2020
Array
(
    [0] => 5284448
    [1] => 225916
    [2] => 226171
    [3] => 8766326
    [4] => 267346
    [5] => 637899
    [6] => 921987
    [7] => 836248
    [8] => 3444728
    [9] => 367556
    [10] => 691289
    [11] => 732712
)
Script Executado!
ter nov 10 21:00:02 -03 2020
qua nov 11 21:00:01 -03 2020
Array
(
    [0] => 7955822
    [1] => 5247174
    [2] => 797938
    [3] => 354122
    [4] => 724546
    [5] => 778679
    [6] => 672329
    [7] => 8278911
    [8] => 357357
    [9] => 518895
    [10] => 825273
    [11] => 984712
    [12] => 781355
)
Script Executado!
qua nov 11 21:00:03 -03 2020
qui nov 12 21:00:01 -03 2020
Array
(
    [0] => 1784144
    [1] => 288389
    [2] => 5915149
    [3] => 223881
    [4] => 314193
    [5] => 341957
    [6] => 335338
    [7] => 735347
    [8] => 562775
    [9] => 3894915
    [10] => 5397121
    [11] => 674237
    [12] => 295324
    [13] => 243993
)
Script Executado!
qui nov 12 21:00:02 -03 2020
sex nov 13 21:00:01 -03 2020
Array
(
    [0] => 5697218
    [1] => 7961841
    [2] => 1922639
    [3] => 4852951
    [4] => 7386813
    [5] => 936751
    [6] => 395484
    [7] => 162936
    [8] => 728856
    [9] => 576672
    [10] => 759916
)
Script Executado!
sex nov 13 21:00:02 -03 2020
Mon 16 Nov 2020 09:00:01 PM -03
Array
(
    [0] => 162191
    [1] => 1373181
    [2] => 822295
    [3] => 115733
    [4] => 254346
    [5] => 156249
    [6] => 818821
)
Script Executado!
Mon 16 Nov 2020 09:00:01 PM -03
Tue 17 Nov 2020 09:00:01 PM -03
Array
(
    [0] => 7388719
    [1] => 9571977
    [2] => 641273
    [3] => 7857734
    [4] => 331583
    [5] => 6319868
    [6] => 262548
    [7] => 626398
    [8] => 5495519
    [9] => 671964
    [10] => 911343
    [11] => 427579
    [12] => 269842
    [13] => 454225
    [14] => 369937
    [15] => 383629
    [16] => 138774
)
Script Executado!
Tue 17 Nov 2020 09:00:02 PM -03
Wed 18 Nov 2020 09:00:01 PM -03
Array
(
    [0] => 7754417
    [1] => 634481
    [2] => 446736
    [3] => 678582
    [4] => 2725668
    [5] => 435141
    [6] => 564683
    [7] => 798467
    [8] => 895369
    [9] => 5178289
    [10] => 562641
    [11] => 529979
)
Script Executado!
Wed 18 Nov 2020 09:00:02 PM -03
Thu 19 Nov 2020 09:00:01 PM -03
Array
(
    [0] => 8493134
    [1] => 3438849
    [2] => 166453
    [3] => 593628
    [4] => 312995
    [5] => 8439133
    [6] => 2659624
    [7] => 7924819
    [8] => 347121
    [9] => 198519
    [10] => 435674
    [11] => 281149
    [12] => 762338
)
Script Executado!
Thu 19 Nov 2020 09:00:01 PM -03
Fri 20 Nov 2020 09:00:01 PM -03
Array
(
    [0] => 166479
    [1] => 179935
    [2] => 5741823
    [3] => 858566
    [4] => 4944642
    [5] => 669361
    [6] => 853791
    [7] => 688559
    [8] => 154791
    [9] => 776566
)
Script Executado!
Fri 20 Nov 2020 09:00:01 PM -03
Mon 23 Nov 2020 09:00:01 PM -03
Array
(
    [0] => 778125
    [1] => 549188
    [2] => 744428
    [3] => 313437
    [4] => 4993466
    [5] => 199631
    [6] => 194127
    [7] => 848199
    [8] => 181744
)
Script Executado!
Mon 23 Nov 2020 09:00:01 PM -03
Tue 24 Nov 2020 09:00:01 PM -03
Array
(
    [0] => 896416
    [1] => 9268113
    [2] => 3297951
    [3] => 776919
    [4] => 8135762
    [5] => 272385
    [6] => 1957456
    [7] => 624581
    [8] => 594873
    [9] => 288466
    [10] => 437855
    [11] => 221532
    [12] => 273784
)
Script Executado!
Tue 24 Nov 2020 09:00:01 PM -03
Wed 25 Nov 2020 09:00:01 PM -03
Array
(
    [0] => 9183182
    [1] => 5469136
    [2] => 7756365
    [3] => 534779
    [4] => 597853
    [5] => 434993
    [6] => 6442211
    [7] => 366718
    [8] => 659655
    [9] => 884282
    [10] => 356628
    [11] => 6724537
    [12] => 6463291
    [13] => 871785
    [14] => 598138
)
Script Executado!
Wed 25 Nov 2020 09:00:01 PM -03
Thu 26 Nov 2020 09:00:01 PM -03
Array
(
    [0] => 7516534
    [1] => 8391517
    [2] => 477592
    [3] => 785193
    [4] => 6798886
    [5] => 342377
    [6] => 684151
    [7] => 127181
    [8] => 298215
    [9] => 887825
    [10] => 985294
    [11] => 768362
)
Script Executado!
Thu 26 Nov 2020 09:00:02 PM -03
Fri 27 Nov 2020 09:00:01 PM -03
Array
(
    [0] => 2649471
    [1] => 2233747
    [2] => 4639121
    [3] => 934968
    [4] => 395396
    [5] => 424359
    [6] => 415982
    [7] => 587893
    [8] => 222969
)
Script Executado!
Fri 27 Nov 2020 09:00:02 PM -03
Mon 30 Nov 2020 09:00:01 PM -03
Array
(
    [0] => 439159
    [1] => 681135
    [2] => 738813
    [3] => 5959375
    [4] => 643742
    [5] => 1928799
    [6] => 659259
    [7] => 886313
    [8] => 652263
    [9] => 949718
    [10] => 125431
)
Script Executado!
Mon 30 Nov 2020 09:00:01 PM -03
Tue 01 Dec 2020 09:00:01 PM -03
Array
(
    [0] => 2677484
    [1] => 4817545
    [2] => 855833
    [3] => 943499
    [4] => 9357449
    [5] => 972364
    [6] => 942633
    [7] => 987448
    [8] => 683199
    [9] => 392375
)
Script Executado!
Tue 01 Dec 2020 09:00:02 PM -03
Wed 02 Dec 2020 09:00:01 PM -03
Array
(
    [0] => 4834319
    [1] => 866588
    [2] => 6968539
    [3] => 281625
    [4] => 316787
    [5] => 747277
    [6] => 9222159
    [7] => 649831
    [8] => 851272
    [9] => 931834
    [10] => 955477
)
Script Executado!
Wed 02 Dec 2020 09:00:02 PM -03
Thu 03 Dec 2020 09:00:01 PM -03
Array
(
    [0] => 7241339
    [1] => 144452
    [2] => 351399
    [3] => 431486
    [4] => 9665669
    [5] => 656632
    [6] => 5666977
    [7] => 261424
    [8] => 625647
    [9] => 769418
    [10] => 291177
    [11] => 672947
    [12] => 7175218
    [13] => 449494
    [14] => 944739
)
Script Executado!
Thu 03 Dec 2020 09:00:02 PM -03
Fri 04 Dec 2020 09:00:01 PM -03
Array
(
    [0] => 788358
    [1] => 238769
    [2] => 677867
    [3] => 1116267
    [4] => 8651381
    [5] => 4146914
    [6] => 251974
    [7] => 689886
    [8] => 344514
    [9] => 387614
    [10] => 653372
    [11] => 951335
    [12] => 275214
    [13] => 861651
    [14] => 558679
)
Script Executado!
Fri 04 Dec 2020 09:00:02 PM -03
Mon 07 Dec 2020 09:00:01 PM -03
Array
(
    [0] => 849665
    [1] => 583473
    [2] => 7678827
    [3] => 922538
    [4] => 5554674
    [5] => 9765546
    [6] => 747271
    [7] => 291864
    [8] => 819261
    [9] => 4998214
    [10] => 744737
    [11] => 665254
    [12] => 348854
    [13] => 181228
    [14] => 861827
)
Script Executado!
Mon 07 Dec 2020 09:00:02 PM -03
Tue 08 Dec 2020 09:00:01 PM -03
Array
(
    [0] => 4441483
    [1] => 4712752
    [2] => 321787
    [3] => 788532
    [4] => 545342
    [5] => 1263465
    [6] => 7242411
    [7] => 984188
    [8] => 248844
    [9] => 636683
    [10] => 339269
    [11] => 879161
    [12] => 493322
    [13] => 119423
    [14] => 346241
    [15] => 118423
)
Script Executado!
Tue 08 Dec 2020 09:00:01 PM -03
Wed 09 Dec 2020 09:00:01 PM -03
Array
(
)
Script Executado!
Wed 09 Dec 2020 09:00:01 PM -03
Thu 10 Dec 2020 09:00:01 PM -03
Array
(
    [0] => 9936178
    [1] => 473138
    [2] => 376451
    [3] => 831967
    [4] => 425474
    [5] => 756253
    [6] => 3212771
    [7] => 1836569
    [8] => 4585619
    [9] => 697572
    [10] => 988719
    [11] => 711229
    [12] => 9387731
    [13] => 4537587
)
Script Executado!
Thu 10 Dec 2020 09:00:02 PM -03
Fri 11 Dec 2020 09:00:01 PM -03
Array
(
    [0] => 681285
    [1] => 851939
    [2] => 159493
    [3] => 872183
    [4] => 2539648
    [5] => 261748
    [6] => 543885
    [7] => 1945521
    [8] => 548148
    [9] => 725147
    [10] => 2742255
    [11] => 777471
    [12] => 263318
    [13] => 658478
)
Script Executado!
Fri 11 Dec 2020 09:00:01 PM -03
Mon 14 Dec 2020 09:00:01 PM -03
Array
(
    [0] => 453394
    [1] => 826798
    [2] => 8588198
    [3] => 7219963
    [4] => 169691
    [5] => 274183
    [6] => 454638
    [7] => 145884
    [8] => 496979
)
Script Executado!
Mon 14 Dec 2020 09:00:02 PM -03
Tue 15 Dec 2020 09:00:01 PM -03
Array
(
    [0] => 3825441
    [1] => 4975927
    [2] => 527438
    [3] => 1423882
    [4] => 718511
    [5] => 534351
    [6] => 454121
    [7] => 6115734
    [8] => 147681
)
Script Executado!
Tue 15 Dec 2020 09:00:01 PM -03
Wed 16 Dec 2020 09:00:01 PM -03
Array
(
    [0] => 3197185
    [1] => 9969153
    [2] => 926776
    [3] => 687317
    [4] => 777591
    [5] => 645794
    [6] => 967271
    [7] => 977374
    [8] => 358571
    [9] => 951859
    [10] => 476551
)
Script Executado!
Wed 16 Dec 2020 09:00:01 PM -03
Thu 17 Dec 2020 09:00:01 PM -03
Array
(
    [0] => 7735329
    [1] => 8531619
    [2] => 3754345
    [3] => 546121
    [4] => 3152289
    [5] => 3238595
    [6] => 426162
    [7] => 792482
    [8] => 492339
    [9] => 722923
    [10] => 887931
    [11] => 891811
)
Script Executado!
Thu 17 Dec 2020 09:00:01 PM -03
Fri 18 Dec 2020 09:00:01 PM -03
Array
(
    [0] => 2812929
    [1] => 5874778
    [2] => 899651
    [3] => 248757
    [4] => 674867
    [5] => 8853733
    [6] => 586141
    [7] => 329265
    [8] => 5286411
    [9] => 263341
    [10] => 118733
    [11] => 815448
    [12] => 978187
    [13] => 921651
)
Script Executado!
Fri 18 Dec 2020 09:00:01 PM -03
Mon 21 Dec 2020 09:00:01 PM -03
Array
(
    [0] => 2975325
    [1] => 696955
    [2] => 656479
    [3] => 888663
    [4] => 329243
    [5] => 4775369
    [6] => 441992
)
Script Executado!
Mon 21 Dec 2020 09:00:01 PM -03
Tue 22 Dec 2020 09:00:01 PM -03
Array
(
    [0] => 643873
    [1] => 789229
    [2] => 3157767
    [3] => 631158
    [4] => 638413
    [5] => 7279186
    [6] => 125651
    [7] => 698223
    [8] => 561136
    [9] => 442686
    [10] => 584366
    [11] => 3561987
    [12] => 824141
    [13] => 386653
    [14] => 246155
    [15] => 2244935
)
Script Executado!
Tue 22 Dec 2020 09:00:02 PM -03
Wed 23 Dec 2020 09:00:01 PM -03
Array
(
    [0] => 681213
    [1] => 579512
    [2] => 877374
    [3] => 8962415
    [4] => 6146268
)
Script Executado!
Wed 23 Dec 2020 09:00:01 PM -03
Thu 24 Dec 2020 09:00:01 PM -03
Array
(
    [0] => 232262
    [1] => 2177956
    [2] => 416591
    [3] => 798882
    [4] => 957931
)
Script Executado!
Thu 24 Dec 2020 09:00:01 PM -03
Fri 25 Dec 2020 09:00:01 PM -03
Array
(
    [0] => 319688
)
Script Executado!
Fri 25 Dec 2020 09:00:01 PM -03
Mon 28 Dec 2020 09:00:01 PM -03
Array
(
)
Script Executado!
Mon 28 Dec 2020 09:00:01 PM -03
Tue 29 Dec 2020 09:00:01 PM -03
Array
(
    [0] => 2297193
    [1] => 3364864
    [2] => 542687
    [3] => 747578
    [4] => 1334159
    [5] => 9142156
    [6] => 847744
    [7] => 823545
)
Script Executado!
Tue 29 Dec 2020 09:00:01 PM -03
Wed 30 Dec 2020 09:00:01 PM -03
Array
(
    [0] => 693281
    [1] => 177211
    [2] => 636398
    [3] => 579795
    [4] => 835716
    [5] => 418487
)
Script Executado!
Wed 30 Dec 2020 09:00:02 PM -03
Thu 31 Dec 2020 09:00:01 PM -03
Array
(
    [0] => 137187
    [1] => 919418
    [2] => 4916175
    [3] => 196396
    [4] => 257567
)
Script Executado!
Thu 31 Dec 2020 09:00:02 PM -03
Fri 01 Jan 2021 09:00:01 PM -03
Array
(
)
Script Executado!
Fri 01 Jan 2021 09:00:01 PM -03
Mon 04 Jan 2021 09:00:01 PM -03
Array
(
)
Script Executado!
Mon 04 Jan 2021 09:00:01 PM -03
